2020-01-30 10:03:37.422  INFO 8044 --- [restartedMain] cn.ftf.myblog.MyblogApplication          : Starting MyblogApplication on LAPTOP-HVP0V5S7 with PID 8044 (D:\myjavacode\myblog\target\classes started by user in D:\myjavacode\myblog)
2020-01-30 10:03:37.425 DEBUG 8044 --- [restartedMain] cn.ftf.myblog.MyblogApplication          : Running with Spring Boot v2.2.4.RELEASE, Spring v5.2.3.RELEASE
2020-01-30 10:03:37.426  INFO 8044 --- [restartedMain] cn.ftf.myblog.MyblogApplication          : No active profile set, falling back to default profiles: default
2020-01-30 10:03:37.483  INFO 8044 --- [restartedMain] .e.DevToolsPropertyDefaultsPostProcessor : Devtools property defaults active! Set 'spring.devtools.add-properties' to 'false' to disable
2020-01-30 10:03:37.489  INFO 8044 --- [restartedMain] .e.DevToolsPropertyDefaultsPostProcessor : For additional web related logging consider setting the 'logging.level.web' property to 'DEBUG'
2020-01-30 10:03:38.539  WARN 8044 --- [restartedMain] o.m.s.mapper.ClassPathMapperScanner      : No MyBatis mapper was found in '[cn.ftf.myblog]' package. Please check your configuration.
2020-01-30 10:03:39.189  INFO 8044 --- [restartedMain] o.s.b.w.embedded.tomcat.TomcatWebServer  : Tomcat initialized with port(s): 8080 (http)
2020-01-30 10:03:39.202  INFO 8044 --- [restartedMain] o.apache.catalina.core.StandardService   : Starting service [Tomcat]
2020-01-30 10:03:39.203  INFO 8044 --- [restartedMain] org.apache.catalina.core.StandardEngine  : Starting Servlet engine: [Apache Tomcat/9.0.30]
2020-01-30 10:03:39.388  INFO 8044 --- [restartedMain] o.a.c.c.C.[.[localhost].[/myblog]        : Initializing Spring embedded WebApplicationContext
2020-01-30 10:03:39.389  INFO 8044 --- [restartedMain] o.s.web.context.ContextLoader            : Root WebApplicationContext: initialization completed in 1899 ms
2020-01-30 10:03:39.657  INFO 8044 --- [restartedMain] o.s.s.concurrent.ThreadPoolTaskExecutor  : Initializing ExecutorService 'applicationTaskExecutor'
2020-01-30 10:03:39.735  INFO 8044 --- [restartedMain] o.s.b.a.w.s.WelcomePageHandlerMapping    : Adding welcome page template: index
2020-01-30 10:03:40.154  INFO 8044 --- [restartedMain] o.s.b.d.a.OptionalLiveReloadServer       : LiveReload server is running on port 35729
2020-01-30 10:03:40.211  INFO 8044 --- [restartedMain] o.s.b.w.embedded.tomcat.TomcatWebServer  : Tomcat started on port(s): 8080 (http) with context path '/myblog'
2020-01-30 10:03:40.216  INFO 8044 --- [restartedMain] cn.ftf.myblog.MyblogApplication          : Started MyblogApplication in 3.504 seconds (JVM running for 5.506)
2020-01-30 10:06:18.616  INFO 16988 --- [restartedMain] cn.ftf.myblog.MyblogApplication          : Starting MyblogApplication on LAPTOP-HVP0V5S7 with PID 16988 (D:\myjavacode\myblog\target\classes started by user in D:\myjavacode\myblog)
2020-01-30 10:06:18.619 DEBUG 16988 --- [restartedMain] cn.ftf.myblog.MyblogApplication          : Running with Spring Boot v2.2.4.RELEASE, Spring v5.2.3.RELEASE
2020-01-30 10:06:18.620  INFO 16988 --- [restartedMain] cn.ftf.myblog.MyblogApplication          : No active profile set, falling back to default profiles: default
2020-01-30 10:06:18.688  INFO 16988 --- [restartedMain] .e.DevToolsPropertyDefaultsPostProcessor : Devtools property defaults active! Set 'spring.devtools.add-properties' to 'false' to disable
2020-01-30 10:06:18.689  INFO 16988 --- [restartedMain] .e.DevToolsPropertyDefaultsPostProcessor : For additional web related logging consider setting the 'logging.level.web' property to 'DEBUG'
2020-01-30 10:06:19.880  WARN 16988 --- [restartedMain] o.m.s.mapper.ClassPathMapperScanner      : No MyBatis mapper was found in '[cn.ftf.myblog]' package. Please check your configuration.
2020-01-30 10:06:20.659  INFO 16988 --- [restartedMain] o.s.b.w.embedded.tomcat.TomcatWebServer  : Tomcat initialized with port(s): 8080 (http)
2020-01-30 10:06:20.675  INFO 16988 --- [restartedMain] o.apache.catalina.core.StandardService   : Starting service [Tomcat]
2020-01-30 10:06:20.676  INFO 16988 --- [restartedMain] org.apache.catalina.core.StandardEngine  : Starting Servlet engine: [Apache Tomcat/9.0.30]
2020-01-30 10:06:20.840  INFO 16988 --- [restartedMain] o.a.c.c.C.[.[localhost].[/myblog]        : Initializing Spring embedded WebApplicationContext
2020-01-30 10:06:20.841  INFO 16988 --- [restartedMain] o.s.web.context.ContextLoader            : Root WebApplicationContext: initialization completed in 2152 ms
2020-01-30 10:06:21.076  INFO 16988 --- [restartedMain] o.s.s.concurrent.ThreadPoolTaskExecutor  : Initializing ExecutorService 'applicationTaskExecutor'
2020-01-30 10:06:21.153  INFO 16988 --- [restartedMain] o.s.b.a.w.s.WelcomePageHandlerMapping    : Adding welcome page template: index
2020-01-30 10:06:21.687  INFO 16988 --- [restartedMain] o.s.b.d.a.OptionalLiveReloadServer       : LiveReload server is running on port 35729
2020-01-30 10:06:21.751  INFO 16988 --- [restartedMain] o.s.b.w.embedded.tomcat.TomcatWebServer  : Tomcat started on port(s): 8080 (http) with context path '/myblog'
2020-01-30 10:06:21.756  INFO 16988 --- [restartedMain] cn.ftf.myblog.MyblogApplication          : Started MyblogApplication in 3.88 seconds (JVM running for 5.848)
