2020-03-05 14:47:17.550  INFO 22756 --- [restartedMain] cn.ftf.myblog.MyblogApplication          : Starting MyblogApplication on LAPTOP-HVP0V5S7 with PID 22756 (D:\myjavacode\myblog\target\classes started by user in D:\myjavacode\myblog)
2020-03-05 14:47:17.559 DEBUG 22756 --- [restartedMain] cn.ftf.myblog.MyblogApplication          : Running with Spring Boot v2.2.4.RELEASE, Spring v5.2.3.RELEASE
2020-03-05 14:47:17.560  INFO 22756 --- [restartedMain] cn.ftf.myblog.MyblogApplication          : No active profile set, falling back to default profiles: default
2020-03-05 14:47:17.636  INFO 22756 --- [restartedMain] .e.DevToolsPropertyDefaultsPostProcessor : Devtools property defaults active! Set 'spring.devtools.add-properties' to 'false' to disable
2020-03-05 14:47:17.636  INFO 22756 --- [restartedMain] .e.DevToolsPropertyDefaultsPostProcessor : For additional web related logging consider setting the 'logging.level.web' property to 'DEBUG'
2020-03-05 14:47:20.543  INFO 22756 --- [restartedMain] o.s.b.w.embedded.tomcat.TomcatWebServer  : Tomcat initialized with port(s): 8080 (http)
2020-03-05 14:47:20.557  INFO 22756 --- [restartedMain] o.apache.catalina.core.StandardService   : Starting service [Tomcat]
2020-03-05 14:47:20.558  INFO 22756 --- [restartedMain] org.apache.catalina.core.StandardEngine  : Starting Servlet engine: [Apache Tomcat/9.0.30]
2020-03-05 14:47:20.706  INFO 22756 --- [restartedMain] o.a.c.c.C.[.[localhost].[/myblog]        : Initializing Spring embedded WebApplicationContext
2020-03-05 14:47:20.706  INFO 22756 --- [restartedMain] o.s.web.context.ContextLoader            : Root WebApplicationContext: initialization completed in 3069 ms
2020-03-05 14:47:21.952  INFO 22756 --- [restartedMain] o.s.s.concurrent.ThreadPoolTaskExecutor  : Initializing ExecutorService 'applicationTaskExecutor'
2020-03-05 14:47:22.132  INFO 22756 --- [restartedMain] o.s.b.a.w.s.WelcomePageHandlerMapping    : Adding welcome page template: index
2020-03-05 14:47:23.067  INFO 22756 --- [restartedMain] o.s.b.d.a.OptionalLiveReloadServer       : LiveReload server is running on port 35729
2020-03-05 14:47:23.173  INFO 22756 --- [restartedMain] o.s.b.w.embedded.tomcat.TomcatWebServer  : Tomcat started on port(s): 8080 (http) with context path '/myblog'
2020-03-05 14:47:23.181  INFO 22756 --- [restartedMain] cn.ftf.myblog.MyblogApplication          : Started MyblogApplication in 6.573 seconds (JVM running for 9.304)
2020-03-05 14:47:32.247  INFO 22756 --- [http-nio-8080-exec-3] o.a.c.c.C.[.[localhost].[/myblog]        : Initializing Spring DispatcherServlet 'dispatcherServlet'
2020-03-05 14:47:32.248  INFO 22756 --- [http-nio-8080-exec-3] o.s.web.servlet.DispatcherServlet        : Initializing Servlet 'dispatcherServlet'
2020-03-05 14:47:32.270  INFO 22756 --- [http-nio-8080-exec-3] o.s.web.servlet.DispatcherServlet        : Completed initialization in 22 ms
2020-03-05 14:47:32.333  INFO 22756 --- [http-nio-8080-exec-3] cn.ftf.myblog.aspect.LogAspect           : RequestInfo{url='/myblog/', ip='0:0:0:0:0:0:0:1', classPath='cn.ftf.myblog.web.IndexController.index', args=[{}, 1]}
2020-03-05 14:47:32.416  INFO 22756 --- [http-nio-8080-exec-3] com.zaxxer.hikari.HikariDataSource       : HikariPool-1 - Starting...
2020-03-05 14:47:32.660  INFO 22756 --- [http-nio-8080-exec-3] com.zaxxer.hikari.HikariDataSource       : HikariPool-1 - Start completed.
2020-03-05 14:47:32.671 DEBUG 22756 --- [http-nio-8080-exec-3] c.f.m.d.BlogDao.getFirstPageBlog_COUNT   : ==>  Preparing: SELECT count(0) FROM t_blog b, t_type t, t_user u WHERE b.type_id = t.id AND u.id = b.user_id 
2020-03-05 14:47:32.720 DEBUG 22756 --- [http-nio-8080-exec-3] c.f.m.d.BlogDao.getFirstPageBlog_COUNT   : ==> Parameters: 
2020-03-05 14:47:32.795 DEBUG 22756 --- [http-nio-8080-exec-3] c.f.m.d.BlogDao.getFirstPageBlog_COUNT   : <==      Total: 1
2020-03-05 14:47:32.803 DEBUG 22756 --- [http-nio-8080-exec-3] c.f.myblog.dao.BlogDao.getFirstPageBlog  : ==>  Preparing: select b.id,b.title,b.firstImg, b.views,b.createTime,b.description, t.name ,u.nickname, u.avatar from t_blog b, t_type t,t_user u where b.type_id = t.id and u.id = b.user_id order by b.createTime desc LIMIT ? 
2020-03-05 14:47:32.804 DEBUG 22756 --- [http-nio-8080-exec-3] c.f.myblog.dao.BlogDao.getFirstPageBlog  : ==> Parameters: 6(Integer)
2020-03-05 14:47:32.810 DEBUG 22756 --- [http-nio-8080-exec-3] c.f.myblog.dao.BlogDao.getFirstPageBlog  : <==      Total: 2
2020-03-05 14:47:32.815 DEBUG 22756 --- [http-nio-8080-exec-3] cn.ftf.myblog.dao.TypeDao.findAll        : ==>  Preparing: select * from t_type 
2020-03-05 14:47:32.815 DEBUG 22756 --- [http-nio-8080-exec-3] cn.ftf.myblog.dao.TypeDao.findAll        : ==> Parameters: 
2020-03-05 14:47:32.823 DEBUG 22756 --- [http-nio-8080-exec-3] cn.ftf.myblog.dao.TypeDao.findAll        : <==      Total: 10
2020-03-05 14:47:32.827 DEBUG 22756 --- [http-nio-8080-exec-3] cn.ftf.myblog.dao.TypeDao.blogNum        : ==>  Preparing: select count(*) from t_blog where type_id=?; 
2020-03-05 14:47:32.828 DEBUG 22756 --- [http-nio-8080-exec-3] cn.ftf.myblog.dao.TypeDao.blogNum        : ==> Parameters: 1(Integer)
2020-03-05 14:47:32.831 DEBUG 22756 --- [http-nio-8080-exec-3] cn.ftf.myblog.dao.TypeDao.blogNum        : <==      Total: 1
2020-03-05 14:47:32.834 DEBUG 22756 --- [http-nio-8080-exec-3] cn.ftf.myblog.dao.TypeDao.blogNum        : ==>  Preparing: select count(*) from t_blog where type_id=?; 
2020-03-05 14:47:32.835 DEBUG 22756 --- [http-nio-8080-exec-3] cn.ftf.myblog.dao.TypeDao.blogNum        : ==> Parameters: 2(Integer)
2020-03-05 14:47:32.838 DEBUG 22756 --- [http-nio-8080-exec-3] cn.ftf.myblog.dao.TypeDao.blogNum        : <==      Total: 1
2020-03-05 14:47:32.840 DEBUG 22756 --- [http-nio-8080-exec-3] cn.ftf.myblog.dao.TypeDao.blogNum        : ==>  Preparing: select count(*) from t_blog where type_id=?; 
2020-03-05 14:47:32.841 DEBUG 22756 --- [http-nio-8080-exec-3] cn.ftf.myblog.dao.TypeDao.blogNum        : ==> Parameters: 3(Integer)
2020-03-05 14:47:32.843 DEBUG 22756 --- [http-nio-8080-exec-3] cn.ftf.myblog.dao.TypeDao.blogNum        : <==      Total: 1
2020-03-05 14:47:32.845 DEBUG 22756 --- [http-nio-8080-exec-3] cn.ftf.myblog.dao.TypeDao.blogNum        : ==>  Preparing: select count(*) from t_blog where type_id=?; 
2020-03-05 14:47:32.846 DEBUG 22756 --- [http-nio-8080-exec-3] cn.ftf.myblog.dao.TypeDao.blogNum        : ==> Parameters: 4(Integer)
2020-03-05 14:47:32.849 DEBUG 22756 --- [http-nio-8080-exec-3] cn.ftf.myblog.dao.TypeDao.blogNum        : <==      Total: 1
2020-03-05 14:47:32.851 DEBUG 22756 --- [http-nio-8080-exec-3] cn.ftf.myblog.dao.TypeDao.blogNum        : ==>  Preparing: select count(*) from t_blog where type_id=?; 
2020-03-05 14:47:32.851 DEBUG 22756 --- [http-nio-8080-exec-3] cn.ftf.myblog.dao.TypeDao.blogNum        : ==> Parameters: 5(Integer)
2020-03-05 14:47:32.854 DEBUG 22756 --- [http-nio-8080-exec-3] cn.ftf.myblog.dao.TypeDao.blogNum        : <==      Total: 1
2020-03-05 14:47:32.856 DEBUG 22756 --- [http-nio-8080-exec-3] cn.ftf.myblog.dao.TagDao.findAll         : ==>  Preparing: select * from t_tag 
2020-03-05 14:47:32.857 DEBUG 22756 --- [http-nio-8080-exec-3] cn.ftf.myblog.dao.TagDao.findAll         : ==> Parameters: 
2020-03-05 14:47:32.863 DEBUG 22756 --- [http-nio-8080-exec-3] cn.ftf.myblog.dao.TagDao.findAll         : <==      Total: 10
2020-03-05 14:47:32.864 DEBUG 22756 --- [http-nio-8080-exec-3] cn.ftf.myblog.dao.TagDao.blogNum         : ==>  Preparing: select count(*) from t_blog_tags where tag_id=?; 
2020-03-05 14:47:32.865 DEBUG 22756 --- [http-nio-8080-exec-3] cn.ftf.myblog.dao.TagDao.blogNum         : ==> Parameters: 1(Integer)
2020-03-05 14:47:32.871 DEBUG 22756 --- [http-nio-8080-exec-3] cn.ftf.myblog.dao.TagDao.blogNum         : <==      Total: 1
2020-03-05 14:47:32.873 DEBUG 22756 --- [http-nio-8080-exec-3] cn.ftf.myblog.dao.TagDao.blogNum         : ==>  Preparing: select count(*) from t_blog_tags where tag_id=?; 
2020-03-05 14:47:32.874 DEBUG 22756 --- [http-nio-8080-exec-3] cn.ftf.myblog.dao.TagDao.blogNum         : ==> Parameters: 2(Integer)
2020-03-05 14:47:32.877 DEBUG 22756 --- [http-nio-8080-exec-3] cn.ftf.myblog.dao.TagDao.blogNum         : <==      Total: 1
2020-03-05 14:47:32.879 DEBUG 22756 --- [http-nio-8080-exec-3] cn.ftf.myblog.dao.TagDao.blogNum         : ==>  Preparing: select count(*) from t_blog_tags where tag_id=?; 
2020-03-05 14:47:32.880 DEBUG 22756 --- [http-nio-8080-exec-3] cn.ftf.myblog.dao.TagDao.blogNum         : ==> Parameters: 3(Integer)
2020-03-05 14:47:32.882 DEBUG 22756 --- [http-nio-8080-exec-3] cn.ftf.myblog.dao.TagDao.blogNum         : <==      Total: 1
2020-03-05 14:47:32.885 DEBUG 22756 --- [http-nio-8080-exec-3] cn.ftf.myblog.dao.TagDao.blogNum         : ==>  Preparing: select count(*) from t_blog_tags where tag_id=?; 
2020-03-05 14:47:32.886 DEBUG 22756 --- [http-nio-8080-exec-3] cn.ftf.myblog.dao.TagDao.blogNum         : ==> Parameters: 4(Integer)
2020-03-05 14:47:32.889 DEBUG 22756 --- [http-nio-8080-exec-3] cn.ftf.myblog.dao.TagDao.blogNum         : <==      Total: 1
2020-03-05 14:47:32.890 DEBUG 22756 --- [http-nio-8080-exec-3] cn.ftf.myblog.dao.TagDao.blogNum         : ==>  Preparing: select count(*) from t_blog_tags where tag_id=?; 
2020-03-05 14:47:32.891 DEBUG 22756 --- [http-nio-8080-exec-3] cn.ftf.myblog.dao.TagDao.blogNum         : ==> Parameters: 5(Integer)
2020-03-05 14:47:32.893 DEBUG 22756 --- [http-nio-8080-exec-3] cn.ftf.myblog.dao.TagDao.blogNum         : <==      Total: 1
2020-03-05 14:47:32.894 DEBUG 22756 --- [http-nio-8080-exec-3] cn.ftf.myblog.dao.TagDao.blogNum         : ==>  Preparing: select count(*) from t_blog_tags where tag_id=?; 
2020-03-05 14:47:32.895 DEBUG 22756 --- [http-nio-8080-exec-3] cn.ftf.myblog.dao.TagDao.blogNum         : ==> Parameters: 6(Integer)
2020-03-05 14:47:32.898 DEBUG 22756 --- [http-nio-8080-exec-3] cn.ftf.myblog.dao.TagDao.blogNum         : <==      Total: 1
2020-03-05 14:47:32.899 DEBUG 22756 --- [http-nio-8080-exec-3] c.f.m.dao.BlogDao.getAllRecommendBlog    : ==>  Preparing: select id,title,recommend from t_blog; 
2020-03-05 14:47:32.900 DEBUG 22756 --- [http-nio-8080-exec-3] c.f.m.dao.BlogDao.getAllRecommendBlog    : ==> Parameters: 
2020-03-05 14:47:32.907 DEBUG 22756 --- [http-nio-8080-exec-3] c.f.m.dao.BlogDao.getAllRecommendBlog    : <==      Total: 2
2020-03-05 14:47:32.910  INFO 22756 --- [http-nio-8080-exec-3] cn.ftf.myblog.aspect.LogAspect           : result:
2020-03-05 14:48:10.697  INFO 22756 --- [http-nio-8080-exec-7] cn.ftf.myblog.aspect.LogAspect           : RequestInfo{url='/myblog/blog/22', ip='0:0:0:0:0:0:0:1', classPath='cn.ftf.myblog.web.IndexController.blog', args=[22, {}]}
2020-03-05 14:48:10.702 DEBUG 22756 --- [http-nio-8080-exec-7] c.f.myblog.dao.BlogDao.getDetailedBlog   : ==>  Preparing: SELECT b.id bid,b.firstImg,b.flag,b.title,b.content,b.views,b.createTime,b.commentAble,b.shareStatement,b.appreciation, u.nickname,u.avatar FROM t_blog b,t_user u WHERE b.user_id = u.id AND b.id = ? 
2020-03-05 14:48:10.703 DEBUG 22756 --- [http-nio-8080-exec-7] c.f.myblog.dao.BlogDao.getDetailedBlog   : ==> Parameters: 22(Integer)
2020-03-05 14:48:10.709 DEBUG 22756 --- [http-nio-8080-exec-7] c.f.myblog.dao.BlogDao.getDetailedBlog   : <==      Total: 1
2020-03-05 14:48:10.713 DEBUG 22756 --- [http-nio-8080-exec-7] cn.ftf.myblog.dao.BlogDao.viewOne        : ==>  Preparing: update t_blog set views =views+1 where id = ? 
2020-03-05 14:48:10.713 DEBUG 22756 --- [http-nio-8080-exec-7] cn.ftf.myblog.dao.BlogDao.viewOne        : ==> Parameters: 22(Integer)
2020-03-05 14:48:10.719 DEBUG 22756 --- [http-nio-8080-exec-7] cn.ftf.myblog.dao.BlogDao.viewOne        : <==    Updates: 1
2020-03-05 14:48:10.806 DEBUG 22756 --- [http-nio-8080-exec-7] c.f.m.d.C.findByBlogIdParentIdNull       : ==>  Preparing: select c.id,c.nickname,c.email,c.content,c.avatar,c.create_time createTime,c.blog_id blogId,c.parent_comment_id parentCommentId from t_comment c where c.blog_id = ? and c.parent_comment_id = ? order by c.create_time desc 
2020-03-05 14:48:10.807 DEBUG 22756 --- [http-nio-8080-exec-7] c.f.m.d.C.findByBlogIdParentIdNull       : ==> Parameters: 22(Integer), -1(Integer)
2020-03-05 14:48:10.814 DEBUG 22756 --- [http-nio-8080-exec-7] c.f.m.d.C.findByBlogIdParentIdNull       : <==      Total: 1
2020-03-05 14:48:10.821  INFO 22756 --- [http-nio-8080-exec-7] cn.ftf.myblog.aspect.LogAspect           : result:
2020-03-05 14:49:39.277  INFO 22756 --- [http-nio-8080-exec-7] cn.ftf.myblog.aspect.LogAspect           : RequestInfo{url='/myblog/blog/23', ip='0:0:0:0:0:0:0:1', classPath='cn.ftf.myblog.web.IndexController.blog', args=[23, {}]}
2020-03-05 14:49:39.280 DEBUG 22756 --- [http-nio-8080-exec-7] c.f.myblog.dao.BlogDao.getDetailedBlog   : ==>  Preparing: SELECT b.id bid,b.firstImg,b.flag,b.title,b.content,b.views,b.createTime,b.commentAble,b.shareStatement,b.appreciation, u.nickname,u.avatar FROM t_blog b,t_user u WHERE b.user_id = u.id AND b.id = ? 
2020-03-05 14:49:39.281 DEBUG 22756 --- [http-nio-8080-exec-7] c.f.myblog.dao.BlogDao.getDetailedBlog   : ==> Parameters: 23(Integer)
2020-03-05 14:49:39.283 DEBUG 22756 --- [http-nio-8080-exec-7] c.f.myblog.dao.BlogDao.getDetailedBlog   : <==      Total: 1
2020-03-05 14:49:39.284 DEBUG 22756 --- [http-nio-8080-exec-7] cn.ftf.myblog.dao.BlogDao.viewOne        : ==>  Preparing: update t_blog set views =views+1 where id = ? 
2020-03-05 14:49:39.284 DEBUG 22756 --- [http-nio-8080-exec-7] cn.ftf.myblog.dao.BlogDao.viewOne        : ==> Parameters: 23(Integer)
2020-03-05 14:49:39.293 DEBUG 22756 --- [http-nio-8080-exec-7] cn.ftf.myblog.dao.BlogDao.viewOne        : <==    Updates: 1
2020-03-05 14:49:39.298 DEBUG 22756 --- [http-nio-8080-exec-7] c.f.m.d.C.findByBlogIdParentIdNull       : ==>  Preparing: select c.id,c.nickname,c.email,c.content,c.avatar,c.create_time createTime,c.blog_id blogId,c.parent_comment_id parentCommentId from t_comment c where c.blog_id = ? and c.parent_comment_id = ? order by c.create_time desc 
2020-03-05 14:49:39.300 DEBUG 22756 --- [http-nio-8080-exec-7] c.f.m.d.C.findByBlogIdParentIdNull       : ==> Parameters: 23(Integer), -1(Integer)
2020-03-05 14:49:39.301 DEBUG 22756 --- [http-nio-8080-exec-7] c.f.m.d.C.findByBlogIdParentIdNull       : <==      Total: 0
2020-03-05 14:49:39.302  INFO 22756 --- [http-nio-8080-exec-7] cn.ftf.myblog.aspect.LogAspect           : result:
2020-03-05 14:58:18.710  INFO 22756 --- [http-nio-8080-exec-2] cn.ftf.myblog.aspect.LogAspect           : RequestInfo{url='/myblog/blog/22', ip='0:0:0:0:0:0:0:1', classPath='cn.ftf.myblog.web.IndexController.blog', args=[22, {}]}
2020-03-05 14:58:18.712 DEBUG 22756 --- [http-nio-8080-exec-2] c.f.myblog.dao.BlogDao.getDetailedBlog   : ==>  Preparing: SELECT b.id bid,b.firstImg,b.flag,b.title,b.content,b.views,b.createTime,b.commentAble,b.shareStatement,b.appreciation, u.nickname,u.avatar FROM t_blog b,t_user u WHERE b.user_id = u.id AND b.id = ? 
2020-03-05 14:58:18.713 DEBUG 22756 --- [http-nio-8080-exec-2] c.f.myblog.dao.BlogDao.getDetailedBlog   : ==> Parameters: 22(Integer)
2020-03-05 14:58:18.715 DEBUG 22756 --- [http-nio-8080-exec-2] c.f.myblog.dao.BlogDao.getDetailedBlog   : <==      Total: 1
2020-03-05 14:58:18.716 DEBUG 22756 --- [http-nio-8080-exec-2] cn.ftf.myblog.dao.BlogDao.viewOne        : ==>  Preparing: update t_blog set views =views+1 where id = ? 
2020-03-05 14:58:18.717 DEBUG 22756 --- [http-nio-8080-exec-2] cn.ftf.myblog.dao.BlogDao.viewOne        : ==> Parameters: 22(Integer)
2020-03-05 14:58:18.725 DEBUG 22756 --- [http-nio-8080-exec-2] cn.ftf.myblog.dao.BlogDao.viewOne        : <==    Updates: 1
2020-03-05 14:58:18.728 DEBUG 22756 --- [http-nio-8080-exec-2] c.f.m.d.C.findByBlogIdParentIdNull       : ==>  Preparing: select c.id,c.nickname,c.email,c.content,c.avatar,c.create_time createTime,c.blog_id blogId,c.parent_comment_id parentCommentId from t_comment c where c.blog_id = ? and c.parent_comment_id = ? order by c.create_time desc 
2020-03-05 14:58:18.728 DEBUG 22756 --- [http-nio-8080-exec-2] c.f.m.d.C.findByBlogIdParentIdNull       : ==> Parameters: 22(Integer), -1(Integer)
2020-03-05 14:58:18.730 DEBUG 22756 --- [http-nio-8080-exec-2] c.f.m.d.C.findByBlogIdParentIdNull       : <==      Total: 1
2020-03-05 14:58:18.731  INFO 22756 --- [http-nio-8080-exec-2] cn.ftf.myblog.aspect.LogAspect           : result:
